[0.433s] Invoking command in '/home/kacper/Documents/projspec/projspec_ws/build/proj_spec': CMAKE_PREFIX_PATH=${CMAKE_PREFIX_PATH}:/opt/ros/rolling /usr/bin/cmake --build /home/kacper/Documents/projspec/projspec_ws/build/proj_spec -- -j16 -l16
[0.451s] [35m[1mConsolidate compiler generated dependencies of target talker[0m
[0.503s] [ 50%] [32mBuilding CXX object CMakeFiles/talker.dir/src/publisher_member_function.cpp.o[0m
[2.730s] [100%] [32m[1mLinking CXX executable talker[0m
[2.832s] [100%] Built target talker
[2.855s] Invoked command in '/home/kacper/Documents/projspec/projspec_ws/build/proj_spec' returned '0': CMAKE_PREFIX_PATH=${CMAKE_PREFIX_PATH}:/opt/ros/rolling /usr/bin/cmake --build /home/kacper/Documents/projspec/projspec_ws/build/proj_spec -- -j16 -l16
[2.868s] Invoking command in '/home/kacper/Documents/projspec/projspec_ws/build/proj_spec': CMAKE_PREFIX_PATH=${CMAKE_PREFIX_PATH}:/opt/ros/rolling /usr/bin/cmake --install /home/kacper/Documents/projspec/projspec_ws/build/proj_spec
[2.871s] -- Install configuration: ""
[2.871s] -- Installing: /home/kacper/Documents/projspec/projspec_ws/install/proj_spec/lib/proj_spec/talker
[2.872s] -- Set runtime path of "/home/kacper/Documents/projspec/projspec_ws/install/proj_spec/lib/proj_spec/talker" to ""
[2.872s] -- Up-to-date: /home/kacper/Documents/projspec/projspec_ws/install/proj_spec/share/ament_index/resource_index/package_run_dependencies/proj_spec
[2.872s] -- Up-to-date: /home/kacper/Documents/projspec/projspec_ws/install/proj_spec/share/ament_index/resource_index/parent_prefix_path/proj_spec
[2.872s] -- Up-to-date: /home/kacper/Documents/projspec/projspec_ws/install/proj_spec/share/proj_spec/environment/ament_prefix_path.sh
[2.872s] -- Up-to-date: /home/kacper/Documents/projspec/projspec_ws/install/proj_spec/share/proj_spec/environment/ament_prefix_path.dsv
[2.872s] -- Up-to-date: /home/kacper/Documents/projspec/projspec_ws/install/proj_spec/share/proj_spec/environment/path.sh
[2.873s] -- Up-to-date: /home/kacper/Documents/projspec/projspec_ws/install/proj_spec/share/proj_spec/environment/path.dsv
[2.873s] -- Up-to-date: /home/kacper/Documents/projspec/projspec_ws/install/proj_spec/share/proj_spec/local_setup.bash
[2.873s] -- Up-to-date: /home/kacper/Documents/projspec/projspec_ws/install/proj_spec/share/proj_spec/local_setup.sh
[2.873s] -- Up-to-date: /home/kacper/Documents/projspec/projspec_ws/install/proj_spec/share/proj_spec/local_setup.zsh
[2.873s] -- Up-to-date: /home/kacper/Documents/projspec/projspec_ws/install/proj_spec/share/proj_spec/local_setup.dsv
[2.874s] -- Installing: /home/kacper/Documents/projspec/projspec_ws/install/proj_spec/share/proj_spec/package.dsv
[2.874s] -- Up-to-date: /home/kacper/Documents/projspec/projspec_ws/install/proj_spec/share/ament_index/resource_index/packages/proj_spec
[2.874s] -- Up-to-date: /home/kacper/Documents/projspec/projspec_ws/install/proj_spec/share/proj_spec/cmake/proj_specConfig.cmake
[2.875s] -- Up-to-date: /home/kacper/Documents/projspec/projspec_ws/install/proj_spec/share/proj_spec/cmake/proj_specConfig-version.cmake
[2.875s] -- Up-to-date: /home/kacper/Documents/projspec/projspec_ws/install/proj_spec/share/proj_spec/package.xml
[2.875s] Invoked command in '/home/kacper/Documents/projspec/projspec_ws/build/proj_spec' returned '0': CMAKE_PREFIX_PATH=${CMAKE_PREFIX_PATH}:/opt/ros/rolling /usr/bin/cmake --install /home/kacper/Documents/projspec/projspec_ws/build/proj_spec
