[0.039s] Invoking command in '/home/kacper/Documents/projspec/projspec_ws/build/proj_spec': CMAKE_PREFIX_PATH=${CMAKE_PREFIX_PATH}:/opt/ros/rolling /usr/bin/cmake --build /home/kacper/Documents/projspec/projspec_ws/build/proj_spec -- -j16 -l16
[0.459s] [35m[1mConsolidate compiler generated dependencies of target talker[0m
[0.518s] [ 50%] [32mBuilding CXX object CMakeFiles/talker.dir/src/publisher_member_function.cpp.o[0m
[6.205s] [100%] [32m[1mLinking CXX executable talker[0m
[6.637s] [100%] Built target talker
[6.642s] Invoked command in '/home/kacper/Documents/projspec/projspec_ws/build/proj_spec' returned '0': CMAKE_PREFIX_PATH=${CMAKE_PREFIX_PATH}:/opt/ros/rolling /usr/bin/cmake --build /home/kacper/Documents/projspec/projspec_ws/build/proj_spec -- -j16 -l16
[6.655s] Invoking command in '/home/kacper/Documents/projspec/projspec_ws/build/proj_spec': CMAKE_PREFIX_PATH=${CMAKE_PREFIX_PATH}:/opt/ros/rolling /usr/bin/cmake --install /home/kacper/Documents/projspec/projspec_ws/build/proj_spec
[6.686s] -- Install configuration: ""
[6.702s] -- Installing: /home/kacper/Documents/projspec/projspec_ws/install/proj_spec/lib/proj_spec/talker
[6.705s] -- Set runtime path of "/home/kacper/Documents/projspec/projspec_ws/install/proj_spec/lib/proj_spec/talker" to ""
[6.705s] -- Up-to-date: /home/kacper/Documents/projspec/projspec_ws/install/proj_spec/share/ament_index/resource_index/package_run_dependencies/proj_spec
[6.705s] -- Up-to-date: /home/kacper/Documents/projspec/projspec_ws/install/proj_spec/share/ament_index/resource_index/parent_prefix_path/proj_spec
[6.705s] -- Up-to-date: /home/kacper/Documents/projspec/projspec_ws/install/proj_spec/share/proj_spec/environment/ament_prefix_path.sh
[6.705s] -- Up-to-date: /home/kacper/Documents/projspec/projspec_ws/install/proj_spec/share/proj_spec/environment/ament_prefix_path.dsv
[6.705s] -- Up-to-date: /home/kacper/Documents/projspec/projspec_ws/install/proj_spec/share/proj_spec/environment/path.sh
[6.705s] -- Up-to-date: /home/kacper/Documents/projspec/projspec_ws/install/proj_spec/share/proj_spec/environment/path.dsv
[6.705s] -- Up-to-date: /home/kacper/Documents/projspec/projspec_ws/install/proj_spec/share/proj_spec/local_setup.bash
[6.705s] -- Up-to-date: /home/kacper/Documents/projspec/projspec_ws/install/proj_spec/share/proj_spec/local_setup.sh
[6.705s] -- Up-to-date: /home/kacper/Documents/projspec/projspec_ws/install/proj_spec/share/proj_spec/local_setup.zsh
[6.705s] -- Up-to-date: /home/kacper/Documents/projspec/projspec_ws/install/proj_spec/share/proj_spec/local_setup.dsv
[6.705s] -- Installing: /home/kacper/Documents/projspec/projspec_ws/install/proj_spec/share/proj_spec/package.dsv
[6.721s] -- Up-to-date: /home/kacper/Documents/projspec/projspec_ws/install/proj_spec/share/ament_index/resource_index/packages/proj_spec
[6.721s] -- Up-to-date: /home/kacper/Documents/projspec/projspec_ws/install/proj_spec/share/proj_spec/cmake/proj_specConfig.cmake
[6.721s] -- Up-to-date: /home/kacper/Documents/projspec/projspec_ws/install/proj_spec/share/proj_spec/cmake/proj_specConfig-version.cmake
[6.721s] -- Up-to-date: /home/kacper/Documents/projspec/projspec_ws/install/proj_spec/share/proj_spec/package.xml
[6.722s] Invoked command in '/home/kacper/Documents/projspec/projspec_ws/build/proj_spec' returned '0': CMAKE_PREFIX_PATH=${CMAKE_PREFIX_PATH}:/opt/ros/rolling /usr/bin/cmake --install /home/kacper/Documents/projspec/projspec_ws/build/proj_spec
