[35m[1mConsolidate compiler generated dependencies of target talker[0m
[ 50%] [32mBuilding CXX object CMakeFiles/talker.dir/src/publisher_member_function.cpp.o[0m
[01m[K/home/kacper/Documents/projspec/projspec_ws/src/proj_spec/src/publisher_member_function.cpp:[m[K In member function ‘[01m[Kvoid RobotSteering::topic_callback(const Odometry&) const[m[K’:
[01m[K/home/kacper/Documents/projspec/projspec_ws/src/proj_spec/src/publisher_member_function.cpp:66:11:[m[K [01;35m[Kwarning: [m[Kunused variable ‘[01m[Kxdiff[m[K’ [[01;35m[K]8;;https://gcc.gnu.org/onlinedocs/gcc/Warning-Options.html#index-Wunused-variable-Wunused-variable]8;;[m[K]
   66 |     float [01;35m[Kxdiff[m[K=targetX-x;
      |           [01;35m[K^~~~~[m[K
[100%] [32m[1mLinking CXX executable talker[0m
[100%] Built target talker
-- Install configuration: ""
-- Installing: /home/kacper/Documents/projspec/projspec_ws/install/proj_spec/lib/proj_spec/talker
-- Set runtime path of "/home/kacper/Documents/projspec/projspec_ws/install/proj_spec/lib/proj_spec/talker" to ""
-- Up-to-date: /home/kacper/Documents/projspec/projspec_ws/install/proj_spec/share/ament_index/resource_index/package_run_dependencies/proj_spec
-- Up-to-date: /home/kacper/Documents/projspec/projspec_ws/install/proj_spec/share/ament_index/resource_index/parent_prefix_path/proj_spec
-- Up-to-date: /home/kacper/Documents/projspec/projspec_ws/install/proj_spec/share/proj_spec/environment/ament_prefix_path.sh
-- Up-to-date: /home/kacper/Documents/projspec/projspec_ws/install/proj_spec/share/proj_spec/environment/ament_prefix_path.dsv
-- Up-to-date: /home/kacper/Documents/projspec/projspec_ws/install/proj_spec/share/proj_spec/environment/path.sh
-- Up-to-date: /home/kacper/Documents/projspec/projspec_ws/install/proj_spec/share/proj_spec/environment/path.dsv
-- Up-to-date: /home/kacper/Documents/projspec/projspec_ws/install/proj_spec/share/proj_spec/local_setup.bash
-- Up-to-date: /home/kacper/Documents/projspec/projspec_ws/install/proj_spec/share/proj_spec/local_setup.sh
-- Up-to-date: /home/kacper/Documents/projspec/projspec_ws/install/proj_spec/share/proj_spec/local_setup.zsh
-- Up-to-date: /home/kacper/Documents/projspec/projspec_ws/install/proj_spec/share/proj_spec/local_setup.dsv
-- Installing: /home/kacper/Documents/projspec/projspec_ws/install/proj_spec/share/proj_spec/package.dsv
-- Up-to-date: /home/kacper/Documents/projspec/projspec_ws/install/proj_spec/share/ament_index/resource_index/packages/proj_spec
-- Up-to-date: /home/kacper/Documents/projspec/projspec_ws/install/proj_spec/share/proj_spec/cmake/proj_specConfig.cmake
-- Up-to-date: /home/kacper/Documents/projspec/projspec_ws/install/proj_spec/share/proj_spec/cmake/proj_specConfig-version.cmake
-- Up-to-date: /home/kacper/Documents/projspec/projspec_ws/install/proj_spec/share/proj_spec/package.xml
