[0.009s] Invoking command in '/home/kacper/Documents/projspec/projspec_ws/build/proj_spec': CMAKE_PREFIX_PATH=/opt/ros/rolling /usr/bin/cmake --build /home/kacper/Documents/projspec/projspec_ws/build/proj_spec -- -j16 -l16
[0.029s] [35m[1mConsolidate compiler generated dependencies of target talker[0m
[0.038s] [ 50%] [32mBuilding CXX object CMakeFiles/talker.dir/src/publisher_member_function.cpp.o[0m
[3.059s] [100%] [32m[1mLinking CXX executable talker[0m
[3.258s] [100%] Built target talker
[3.263s] Invoked command in '/home/kacper/Documents/projspec/projspec_ws/build/proj_spec' returned '0': CMAKE_PREFIX_PATH=/opt/ros/rolling /usr/bin/cmake --build /home/kacper/Documents/projspec/projspec_ws/build/proj_spec -- -j16 -l16
[3.277s] Invoking command in '/home/kacper/Documents/projspec/projspec_ws/build/proj_spec': CMAKE_PREFIX_PATH=/opt/ros/rolling /usr/bin/cmake --install /home/kacper/Documents/projspec/projspec_ws/build/proj_spec
[3.280s] -- Install configuration: ""
[3.280s] -- Installing: /home/kacper/Documents/projspec/projspec_ws/install/proj_spec/lib/proj_spec/talker
[3.281s] -- Set runtime path of "/home/kacper/Documents/projspec/projspec_ws/install/proj_spec/lib/proj_spec/talker" to ""
[3.281s] -- Installing: /home/kacper/Documents/projspec/projspec_ws/install/proj_spec/share/ament_index/resource_index/package_run_dependencies/proj_spec
[3.281s] -- Installing: /home/kacper/Documents/projspec/projspec_ws/install/proj_spec/share/ament_index/resource_index/parent_prefix_path/proj_spec
[3.281s] -- Installing: /home/kacper/Documents/projspec/projspec_ws/install/proj_spec/share/proj_spec/environment/ament_prefix_path.sh
[3.281s] -- Installing: /home/kacper/Documents/projspec/projspec_ws/install/proj_spec/share/proj_spec/environment/ament_prefix_path.dsv
[3.281s] -- Installing: /home/kacper/Documents/projspec/projspec_ws/install/proj_spec/share/proj_spec/environment/path.sh
[3.281s] -- Installing: /home/kacper/Documents/projspec/projspec_ws/install/proj_spec/share/proj_spec/environment/path.dsv
[3.281s] -- Installing: /home/kacper/Documents/projspec/projspec_ws/install/proj_spec/share/proj_spec/local_setup.bash
[3.281s] -- Installing: /home/kacper/Documents/projspec/projspec_ws/install/proj_spec/share/proj_spec/local_setup.sh
[3.281s] -- Installing: /home/kacper/Documents/projspec/projspec_ws/install/proj_spec/share/proj_spec/local_setup.zsh
[3.281s] -- Installing: /home/kacper/Documents/projspec/projspec_ws/install/proj_spec/share/proj_spec/local_setup.dsv
[3.281s] -- Installing: /home/kacper/Documents/projspec/projspec_ws/install/proj_spec/share/proj_spec/package.dsv
[3.281s] -- Installing: /home/kacper/Documents/projspec/projspec_ws/install/proj_spec/share/ament_index/resource_index/packages/proj_spec
[3.282s] -- Installing: /home/kacper/Documents/projspec/projspec_ws/install/proj_spec/share/proj_spec/cmake/proj_specConfig.cmake
[3.282s] -- Installing: /home/kacper/Documents/projspec/projspec_ws/install/proj_spec/share/proj_spec/cmake/proj_specConfig-version.cmake
[3.282s] -- Installing: /home/kacper/Documents/projspec/projspec_ws/install/proj_spec/share/proj_spec/package.xml
[3.283s] Invoked command in '/home/kacper/Documents/projspec/projspec_ws/build/proj_spec' returned '0': CMAKE_PREFIX_PATH=/opt/ros/rolling /usr/bin/cmake --install /home/kacper/Documents/projspec/projspec_ws/build/proj_spec
