[0.009s] Invoking command in '/home/kacper/Documents/projspec/projspec_ws/build/proj_spec': CMAKE_PREFIX_PATH=${CMAKE_PREFIX_PATH}:/opt/ros/rolling /usr/bin/cmake --build /home/kacper/Documents/projspec/projspec_ws/build/proj_spec -- -j16 -l16
[0.034s] [ 50%] [32mBuilding CXX object CMakeFiles/talker.dir/src/publisher_member_function.cpp.o[0m
[4.665s] [100%] [32m[1mLinking CXX executable talker[0m
[4.899s] [100%] Built target talker
[4.952s] Invoked command in '/home/kacper/Documents/projspec/projspec_ws/build/proj_spec' returned '0': CMAKE_PREFIX_PATH=${CMAKE_PREFIX_PATH}:/opt/ros/rolling /usr/bin/cmake --build /home/kacper/Documents/projspec/projspec_ws/build/proj_spec -- -j16 -l16
[4.967s] Invoking command in '/home/kacper/Documents/projspec/projspec_ws/build/proj_spec': CMAKE_PREFIX_PATH=${CMAKE_PREFIX_PATH}:/opt/ros/rolling /usr/bin/cmake --install /home/kacper/Documents/projspec/projspec_ws/build/proj_spec
[4.971s] -- Install configuration: ""
[4.971s] -- Installing: /home/kacper/Documents/projspec/projspec_ws/install/proj_spec/lib/proj_spec/talker
[4.973s] -- Set runtime path of "/home/kacper/Documents/projspec/projspec_ws/install/proj_spec/lib/proj_spec/talker" to ""
[4.973s] -- Up-to-date: /home/kacper/Documents/projspec/projspec_ws/install/proj_spec/share/ament_index/resource_index/package_run_dependencies/proj_spec
[4.973s] -- Up-to-date: /home/kacper/Documents/projspec/projspec_ws/install/proj_spec/share/ament_index/resource_index/parent_prefix_path/proj_spec
[4.973s] -- Up-to-date: /home/kacper/Documents/projspec/projspec_ws/install/proj_spec/share/proj_spec/environment/ament_prefix_path.sh
[4.973s] -- Up-to-date: /home/kacper/Documents/projspec/projspec_ws/install/proj_spec/share/proj_spec/environment/ament_prefix_path.dsv
[4.973s] -- Up-to-date: /home/kacper/Documents/projspec/projspec_ws/install/proj_spec/share/proj_spec/environment/path.sh
[4.973s] -- Up-to-date: /home/kacper/Documents/projspec/projspec_ws/install/proj_spec/share/proj_spec/environment/path.dsv
[4.973s] -- Up-to-date: /home/kacper/Documents/projspec/projspec_ws/install/proj_spec/share/proj_spec/local_setup.bash
[4.974s] -- Up-to-date: /home/kacper/Documents/projspec/projspec_ws/install/proj_spec/share/proj_spec/local_setup.sh
[4.974s] -- Up-to-date: /home/kacper/Documents/projspec/projspec_ws/install/proj_spec/share/proj_spec/local_setup.zsh
[4.974s] -- Up-to-date: /home/kacper/Documents/projspec/projspec_ws/install/proj_spec/share/proj_spec/local_setup.dsv
[4.975s] -- Installing: /home/kacper/Documents/projspec/projspec_ws/install/proj_spec/share/proj_spec/package.dsv
[4.975s] -- Up-to-date: /home/kacper/Documents/projspec/projspec_ws/install/proj_spec/share/ament_index/resource_index/packages/proj_spec
[4.975s] -- Up-to-date: /home/kacper/Documents/projspec/projspec_ws/install/proj_spec/share/proj_spec/cmake/proj_specConfig.cmake
[4.975s] -- Up-to-date: /home/kacper/Documents/projspec/projspec_ws/install/proj_spec/share/proj_spec/cmake/proj_specConfig-version.cmake
[4.975s] -- Up-to-date: /home/kacper/Documents/projspec/projspec_ws/install/proj_spec/share/proj_spec/package.xml
[4.975s] Invoked command in '/home/kacper/Documents/projspec/projspec_ws/build/proj_spec' returned '0': CMAKE_PREFIX_PATH=${CMAKE_PREFIX_PATH}:/opt/ros/rolling /usr/bin/cmake --install /home/kacper/Documents/projspec/projspec_ws/build/proj_spec
