[4.967s] DEBUG:colcon:Command line arguments: ['/usr/bin/colcon', 'build']
[4.967s] DEBUG:colcon:Parsed command line arguments: Namespace(log_base=None, log_level=None, verb_name='build', build_base='build', install_base='install', merge_install=False, symlink_install=False, test_result_base=None, continue_on_error=False, executor='parallel', parallel_workers=16, event_handlers=None, ignore_user_meta=False, metas=['./colcon.meta'], base_paths=['.'], packages_ignore=None, packages_ignore_regex=None, paths=None, packages_up_to=None, packages_up_to_regex=None, packages_above=None, packages_above_and_dependencies=None, packages_above_depth=None, packages_select_by_dep=None, packages_skip_by_dep=None, packages_skip_up_to=None, packages_select_build_failed=False, packages_skip_build_finished=False, packages_select_test_failures=False, packages_skip_test_passed=False, packages_select=None, packages_skip=None, packages_select_regex=None, packages_skip_regex=None, packages_start=None, packages_end=None, allow_overriding=[], cmake_args=None, cmake_target=None, cmake_target_skip_unavailable=False, cmake_clean_cache=False, cmake_clean_first=False, cmake_force_configure=False, ament_cmake_args=None, catkin_cmake_args=None, catkin_skip_building_tests=False, verb_parser=<colcon_defaults.argument_parser.defaults.DefaultArgumentsDecorator object at 0x7f44e5f344f0>, verb_extension=<colcon_core.verb.build.BuildVerb object at 0x7f44e65c7e80>, main=<bound method BuildVerb.main of <colcon_core.verb.build.BuildVerb object at 0x7f44e65c7e80>>)
[5.333s] Level 1:colcon.colcon_core.package_discovery:discover_packages(colcon_meta) check parameters
[5.333s] Level 1:colcon.colcon_core.package_discovery:discover_packages(recursive) check parameters
[5.333s] Level 1:colcon.colcon_core.package_discovery:discover_packages(ignore) check parameters
[5.334s] Level 1:colcon.colcon_core.package_discovery:discover_packages(path) check parameters
[5.334s] Level 1:colcon.colcon_core.package_discovery:discover_packages(colcon_meta) discover
[5.334s] Level 1:colcon.colcon_core.package_discovery:discover_packages(recursive) discover
[5.334s] INFO:colcon.colcon_core.package_discovery:Crawling recursively for packages in '/home/kacper/Documents/projspec/projspec_ws'
[5.334s] Level 1:colcon.colcon_core.package_identification:_identify(.) by extensions ['ignore', 'ignore_ament_install']
[5.334s] Level 1:colcon.colcon_core.package_identification:_identify(.) by extension 'ignore'
[5.335s] Level 1:colcon.colcon_core.package_identification:_identify(.) by extension 'ignore_ament_install'
[5.335s] Level 1:colcon.colcon_core.package_identification:_identify(.) by extensions ['colcon_pkg']
[5.335s] Level 1:colcon.colcon_core.package_identification:_identify(.) by extension 'colcon_pkg'
[5.335s] Level 1:colcon.colcon_core.package_identification:_identify(.) by extensions ['colcon_meta']
[5.335s] Level 1:colcon.colcon_core.package_identification:_identify(.) by extension 'colcon_meta'
[5.335s] Level 1:colcon.colcon_core.package_identification:_identify(.) by extensions ['ros']
[5.335s] Level 1:colcon.colcon_core.package_identification:_identify(.) by extension 'ros'
[5.430s] Level 1:colcon.colcon_core.package_identification:_identify(.) by extensions ['cmake', 'python']
[5.430s] Level 1:colcon.colcon_core.package_identification:_identify(.) by extension 'cmake'
[5.430s] Level 1:colcon.colcon_core.package_identification:_identify(.) by extension 'python'
[5.430s] Level 1:colcon.colcon_core.package_identification:_identify(.) by extensions ['python_setup_py']
[5.430s] Level 1:colcon.colcon_core.package_identification:_identify(.) by extension 'python_setup_py'
[5.430s] Level 1:colcon.colcon_core.package_identification:_identify(build) by extensions ['ignore', 'ignore_ament_install']
[5.430s] Level 1:colcon.colcon_core.package_identification:_identify(build) by extension 'ignore'
[5.430s] Level 1:colcon.colcon_core.package_identification:_identify(build) ignored
[5.430s] Level 1:colcon.colcon_core.package_identification:_identify(install) by extensions ['ignore', 'ignore_ament_install']
[5.431s] Level 1:colcon.colcon_core.package_identification:_identify(install) by extension 'ignore'
[5.431s] Level 1:colcon.colcon_core.package_identification:_identify(install) ignored
[5.431s] Level 1:colcon.colcon_core.package_identification:_identify(log) by extensions ['ignore', 'ignore_ament_install']
[5.431s] Level 1:colcon.colcon_core.package_identification:_identify(log) by extension 'ignore'
[5.431s] Level 1:colcon.colcon_core.package_identification:_identify(log) ignored
[5.431s] Level 1:colcon.colcon_core.package_identification:_identify(src) by extensions ['ignore', 'ignore_ament_install']
[5.431s] Level 1:colcon.colcon_core.package_identification:_identify(src) by extension 'ignore'
[5.431s] Level 1:colcon.colcon_core.package_identification:_identify(src) by extension 'ignore_ament_install'
[5.431s] Level 1:colcon.colcon_core.package_identification:_identify(src) by extensions ['colcon_pkg']
[5.431s] Level 1:colcon.colcon_core.package_identification:_identify(src) by extension 'colcon_pkg'
[5.431s] Level 1:colcon.colcon_core.package_identification:_identify(src) by extensions ['colcon_meta']
[5.431s] Level 1:colcon.colcon_core.package_identification:_identify(src) by extension 'colcon_meta'
[5.431s] Level 1:colcon.colcon_core.package_identification:_identify(src) by extensions ['ros']
[5.431s] Level 1:colcon.colcon_core.package_identification:_identify(src) by extension 'ros'
[5.431s] Level 1:colcon.colcon_core.package_identification:_identify(src) by extensions ['cmake', 'python']
[5.431s] Level 1:colcon.colcon_core.package_identification:_identify(src) by extension 'cmake'
[5.431s] Level 1:colcon.colcon_core.package_identification:_identify(src) by extension 'python'
[5.431s] Level 1:colcon.colcon_core.package_identification:_identify(src) by extensions ['python_setup_py']
[5.431s] Level 1:colcon.colcon_core.package_identification:_identify(src) by extension 'python_setup_py'
[5.431s] Level 1:colcon.colcon_core.package_identification:_identify(src/proj_spec) by extensions ['ignore', 'ignore_ament_install']
[5.431s] Level 1:colcon.colcon_core.package_identification:_identify(src/proj_spec) by extension 'ignore'
[5.432s] Level 1:colcon.colcon_core.package_identification:_identify(src/proj_spec) by extension 'ignore_ament_install'
[5.432s] Level 1:colcon.colcon_core.package_identification:_identify(src/proj_spec) by extensions ['colcon_pkg']
[5.432s] Level 1:colcon.colcon_core.package_identification:_identify(src/proj_spec) by extension 'colcon_pkg'
[5.432s] Level 1:colcon.colcon_core.package_identification:_identify(src/proj_spec) by extensions ['colcon_meta']
[5.432s] Level 1:colcon.colcon_core.package_identification:_identify(src/proj_spec) by extension 'colcon_meta'
[5.432s] Level 1:colcon.colcon_core.package_identification:_identify(src/proj_spec) by extensions ['ros']
[5.432s] Level 1:colcon.colcon_core.package_identification:_identify(src/proj_spec) by extension 'ros'
[5.434s] DEBUG:colcon.colcon_core.package_identification:Package 'src/proj_spec' with type 'ros.ament_cmake' and name 'proj_spec'
[5.435s] Level 1:colcon.colcon_core.package_discovery:discover_packages(recursive) using defaults
[5.435s] Level 1:colcon.colcon_core.package_discovery:discover_packages(ignore) discover
[5.435s] Level 1:colcon.colcon_core.package_discovery:discover_packages(ignore) using defaults
[5.435s] Level 1:colcon.colcon_core.package_discovery:discover_packages(path) discover
[5.435s] Level 1:colcon.colcon_core.package_discovery:discover_packages(path) using defaults
[5.651s] Level 1:colcon.colcon_core.package_discovery:discover_packages(prefix_path) check parameters
[5.651s] Level 1:colcon.colcon_core.package_discovery:discover_packages(prefix_path) discover
[5.660s] DEBUG:colcon.colcon_installed_package_information.package_discovery:Found 284 installed packages in /opt/ros/rolling
[5.660s] Level 1:colcon.colcon_core.package_discovery:discover_packages(prefix_path) using defaults
[5.690s] Level 5:colcon.colcon_core.verb:set package 'proj_spec' build argument 'cmake_args' from command line to 'None'
[5.690s] Level 5:colcon.colcon_core.verb:set package 'proj_spec' build argument 'cmake_target' from command line to 'None'
[5.690s] Level 5:colcon.colcon_core.verb:set package 'proj_spec' build argument 'cmake_target_skip_unavailable' from command line to 'False'
[5.691s] Level 5:colcon.colcon_core.verb:set package 'proj_spec' build argument 'cmake_clean_cache' from command line to 'False'
[5.691s] Level 5:colcon.colcon_core.verb:set package 'proj_spec' build argument 'cmake_clean_first' from command line to 'False'
[5.691s] Level 5:colcon.colcon_core.verb:set package 'proj_spec' build argument 'cmake_force_configure' from command line to 'False'
[5.691s] Level 5:colcon.colcon_core.verb:set package 'proj_spec' build argument 'ament_cmake_args' from command line to 'None'
[5.691s] Level 5:colcon.colcon_core.verb:set package 'proj_spec' build argument 'catkin_cmake_args' from command line to 'None'
[5.691s] Level 5:colcon.colcon_core.verb:set package 'proj_spec' build argument 'catkin_skip_building_tests' from command line to 'False'
[5.691s] DEBUG:colcon.colcon_core.verb:Building package 'proj_spec' with the following arguments: {'ament_cmake_args': None, 'build_base': '/home/kacper/Documents/projspec/projspec_ws/build/proj_spec', 'catkin_cmake_args': None, 'catkin_skip_building_tests': False, 'cmake_args': None, 'cmake_clean_cache': False, 'cmake_clean_first': False, 'cmake_force_configure': False, 'cmake_target': None, 'cmake_target_skip_unavailable': False, 'install_base': '/home/kacper/Documents/projspec/projspec_ws/install/proj_spec', 'merge_install': False, 'path': '/home/kacper/Documents/projspec/projspec_ws/src/proj_spec', 'symlink_install': False, 'test_result_base': None}
[5.691s] INFO:colcon.colcon_core.executor:Executing jobs using 'parallel' executor
[5.693s] DEBUG:colcon.colcon_parallel_executor.executor.parallel:run_until_complete
[5.693s] INFO:colcon.colcon_ros.task.ament_cmake.build:Building ROS package in '/home/kacper/Documents/projspec/projspec_ws/src/proj_spec' with build type 'ament_cmake'
[5.693s] INFO:colcon.colcon_cmake.task.cmake.build:Building CMake package in '/home/kacper/Documents/projspec/projspec_ws/src/proj_spec'
[5.698s] INFO:colcon.colcon_core.plugin_system:Skipping extension 'colcon_core.shell.bat': Not used on non-Windows systems
[5.698s] INFO:colcon.colcon_core.shell:Skip shell extension 'powershell' for command environment: Not usable outside of PowerShell
[5.698s] DEBUG:colcon.colcon_core.shell:Skip shell extension 'dsv' for command environment
[5.734s] DEBUG:colcon.colcon_core.event_handler.log_command:Invoking command in '/home/kacper/Documents/projspec/projspec_ws/build/proj_spec': CMAKE_PREFIX_PATH=/opt/ros/rolling /usr/bin/cmake --build /home/kacper/Documents/projspec/projspec_ws/build/proj_spec -- -j16 -l16
[14.679s] DEBUG:colcon.colcon_core.event_handler.log_command:Invoked command in '/home/kacper/Documents/projspec/projspec_ws/build/proj_spec' returned '0': CMAKE_PREFIX_PATH=/opt/ros/rolling /usr/bin/cmake --build /home/kacper/Documents/projspec/projspec_ws/build/proj_spec -- -j16 -l16
[14.691s] DEBUG:colcon.colcon_core.event_handler.log_command:Invoking command in '/home/kacper/Documents/projspec/projspec_ws/build/proj_spec': CMAKE_PREFIX_PATH=/opt/ros/rolling /usr/bin/cmake --install /home/kacper/Documents/projspec/projspec_ws/build/proj_spec
[14.774s] Level 1:colcon.colcon_core.environment:create_environment_scripts_only(proj_spec)
[14.775s] DEBUG:colcon.colcon_core.event_handler.log_command:Invoked command in '/home/kacper/Documents/projspec/projspec_ws/build/proj_spec' returned '0': CMAKE_PREFIX_PATH=/opt/ros/rolling /usr/bin/cmake --install /home/kacper/Documents/projspec/projspec_ws/build/proj_spec
[14.865s] Level 1:colcon.colcon_core.environment:checking '/home/kacper/Documents/projspec/projspec_ws/install/proj_spec' for CMake module files
[14.866s] Level 1:colcon.colcon_core.environment:checking '/home/kacper/Documents/projspec/projspec_ws/install/proj_spec' for CMake config files
[14.866s] Level 1:colcon.colcon_core.shell:create_environment_hook('proj_spec', 'cmake_prefix_path')
[14.870s] INFO:colcon.colcon_core.shell:Creating environment hook '/home/kacper/Documents/projspec/projspec_ws/install/proj_spec/share/proj_spec/hook/cmake_prefix_path.ps1'
[14.879s] INFO:colcon.colcon_core.shell:Creating environment descriptor '/home/kacper/Documents/projspec/projspec_ws/install/proj_spec/share/proj_spec/hook/cmake_prefix_path.dsv'
[14.881s] INFO:colcon.colcon_core.shell:Creating environment hook '/home/kacper/Documents/projspec/projspec_ws/install/proj_spec/share/proj_spec/hook/cmake_prefix_path.sh'
[14.883s] Level 1:colcon.colcon_core.environment:checking '/home/kacper/Documents/projspec/projspec_ws/install/proj_spec/lib'
[14.884s] Level 1:colcon.colcon_core.environment:checking '/home/kacper/Documents/projspec/projspec_ws/install/proj_spec/bin'
[14.884s] Level 1:colcon.colcon_core.environment:checking '/home/kacper/Documents/projspec/projspec_ws/install/proj_spec/lib/pkgconfig/proj_spec.pc'
[14.885s] Level 1:colcon.colcon_core.environment:checking '/home/kacper/Documents/projspec/projspec_ws/install/proj_spec/lib/python3.10/site-packages'
[14.885s] Level 1:colcon.colcon_core.environment:checking '/home/kacper/Documents/projspec/projspec_ws/install/proj_spec/bin'
[14.888s] INFO:colcon.colcon_core.shell:Creating package script '/home/kacper/Documents/projspec/projspec_ws/install/proj_spec/share/proj_spec/package.ps1'
[14.889s] INFO:colcon.colcon_core.shell:Creating package descriptor '/home/kacper/Documents/projspec/projspec_ws/install/proj_spec/share/proj_spec/package.dsv'
[14.890s] INFO:colcon.colcon_core.shell:Creating package script '/home/kacper/Documents/projspec/projspec_ws/install/proj_spec/share/proj_spec/package.sh'
[14.891s] INFO:colcon.colcon_core.shell:Creating package script '/home/kacper/Documents/projspec/projspec_ws/install/proj_spec/share/proj_spec/package.bash'
[14.903s] INFO:colcon.colcon_core.shell:Creating package script '/home/kacper/Documents/projspec/projspec_ws/install/proj_spec/share/proj_spec/package.zsh'
[14.913s] Level 1:colcon.colcon_core.environment:create_file_with_runtime_dependencies(/home/kacper/Documents/projspec/projspec_ws/install/proj_spec/share/colcon-core/packages/proj_spec)
[14.945s] Level 1:colcon.colcon_core.environment:create_environment_scripts_only(proj_spec)
[14.950s] Level 1:colcon.colcon_core.environment:checking '/home/kacper/Documents/projspec/projspec_ws/install/proj_spec' for CMake module files
[14.951s] Level 1:colcon.colcon_core.environment:checking '/home/kacper/Documents/projspec/projspec_ws/install/proj_spec' for CMake config files
[14.951s] Level 1:colcon.colcon_core.shell:create_environment_hook('proj_spec', 'cmake_prefix_path')
[14.953s] INFO:colcon.colcon_core.shell:Creating environment hook '/home/kacper/Documents/projspec/projspec_ws/install/proj_spec/share/proj_spec/hook/cmake_prefix_path.ps1'
[14.954s] INFO:colcon.colcon_core.shell:Creating environment descriptor '/home/kacper/Documents/projspec/projspec_ws/install/proj_spec/share/proj_spec/hook/cmake_prefix_path.dsv'
[14.954s] INFO:colcon.colcon_core.shell:Creating environment hook '/home/kacper/Documents/projspec/projspec_ws/install/proj_spec/share/proj_spec/hook/cmake_prefix_path.sh'
[14.955s] Level 1:colcon.colcon_core.environment:checking '/home/kacper/Documents/projspec/projspec_ws/install/proj_spec/lib'
[14.955s] Level 1:colcon.colcon_core.environment:checking '/home/kacper/Documents/projspec/projspec_ws/install/proj_spec/bin'
[14.955s] Level 1:colcon.colcon_core.environment:checking '/home/kacper/Documents/projspec/projspec_ws/install/proj_spec/lib/pkgconfig/proj_spec.pc'
[14.955s] Level 1:colcon.colcon_core.environment:checking '/home/kacper/Documents/projspec/projspec_ws/install/proj_spec/lib/python3.10/site-packages'
[14.956s] Level 1:colcon.colcon_core.environment:checking '/home/kacper/Documents/projspec/projspec_ws/install/proj_spec/bin'
[14.957s] INFO:colcon.colcon_core.shell:Creating package script '/home/kacper/Documents/projspec/projspec_ws/install/proj_spec/share/proj_spec/package.ps1'
[14.957s] INFO:colcon.colcon_core.shell:Creating package descriptor '/home/kacper/Documents/projspec/projspec_ws/install/proj_spec/share/proj_spec/package.dsv'
[14.958s] INFO:colcon.colcon_core.shell:Creating package script '/home/kacper/Documents/projspec/projspec_ws/install/proj_spec/share/proj_spec/package.sh'
[14.958s] INFO:colcon.colcon_core.shell:Creating package script '/home/kacper/Documents/projspec/projspec_ws/install/proj_spec/share/proj_spec/package.bash'
[14.958s] INFO:colcon.colcon_core.shell:Creating package script '/home/kacper/Documents/projspec/projspec_ws/install/proj_spec/share/proj_spec/package.zsh'
[14.959s] Level 1:colcon.colcon_core.environment:create_file_with_runtime_dependencies(/home/kacper/Documents/projspec/projspec_ws/install/proj_spec/share/colcon-core/packages/proj_spec)
[14.959s] DEBUG:colcon.colcon_parallel_executor.executor.parallel:closing loop
[14.959s] DEBUG:colcon.colcon_parallel_executor.executor.parallel:loop closed
[14.959s] DEBUG:colcon.colcon_parallel_executor.executor.parallel:run_until_complete finished with '0'
[14.959s] DEBUG:colcon.colcon_core.event_reactor:joining thread
[14.996s] INFO:colcon.colcon_core.plugin_system:Skipping extension 'colcon_notification.desktop_notification.terminal_notifier': Not used on non-Darwin systems
[14.996s] INFO:colcon.colcon_core.plugin_system:Skipping extension 'colcon_notification.desktop_notification.win32': Not used on non-Windows systems
[14.996s] INFO:colcon.colcon_notification.desktop_notification:Sending desktop notification using 'notify2'
[15.032s] DEBUG:colcon.colcon_core.event_reactor:joined thread
[15.035s] INFO:colcon.colcon_core.shell:Creating prefix script '/home/kacper/Documents/projspec/projspec_ws/install/local_setup.ps1'
[15.038s] INFO:colcon.colcon_core.shell:Creating prefix util module '/home/kacper/Documents/projspec/projspec_ws/install/_local_setup_util_ps1.py'
[15.040s] INFO:colcon.colcon_core.shell:Creating prefix chain script '/home/kacper/Documents/projspec/projspec_ws/install/setup.ps1'
[15.042s] INFO:colcon.colcon_core.shell:Creating prefix script '/home/kacper/Documents/projspec/projspec_ws/install/local_setup.sh'
[15.043s] INFO:colcon.colcon_core.shell:Creating prefix util module '/home/kacper/Documents/projspec/projspec_ws/install/_local_setup_util_sh.py'
[15.043s] INFO:colcon.colcon_core.shell:Creating prefix chain script '/home/kacper/Documents/projspec/projspec_ws/install/setup.sh'
[15.044s] INFO:colcon.colcon_core.shell:Creating prefix script '/home/kacper/Documents/projspec/projspec_ws/install/local_setup.bash'
[15.046s] INFO:colcon.colcon_core.shell:Creating prefix chain script '/home/kacper/Documents/projspec/projspec_ws/install/setup.bash'
[15.047s] INFO:colcon.colcon_core.shell:Creating prefix script '/home/kacper/Documents/projspec/projspec_ws/install/local_setup.zsh'
[15.048s] INFO:colcon.colcon_core.shell:Creating prefix chain script '/home/kacper/Documents/projspec/projspec_ws/install/setup.zsh'
